<?xml version='1.0' encoding='UTF-8'?>
<testsuite hostname="LAPTOP-EFS43GFM" name="ElementaryShapeTest" tests="7" errors="0" failures="0" skipped="0" time="0.031" timestamp="2020-05-11T22:02:28">
                     <properties>
      <property name="java.specification.version" value="14"/><property name="sun.cpu.isalist" value="amd64"/><property name="sun.jnu.encoding" value="Cp1252"/><property name="sun.arch.data.model" value="64"/><property name="java.vendor.url" value="https://java.oracle.com/"/><property name="sun.boot.library.path" value="C:\Program Files\Java\jdk-14.0.1\bin"/><property name="sun.java.command" value="xsbt.boot.Boot"/><property name="jdk.debug" value="release"/><property name="sun.stderr.encoding" value="cp437"/><property name="java.specification.vendor" value="Oracle Corporation"/><property name="java.version.date" value="2020-04-14"/><property name="java.home" value="C:\Program Files\Java\jdk-14.0.1"/><property name="file.separator" value="\"/><property name="java.vm.compressedOopsMode" value="32-bit"/><property name="line.separator" value="
"/><property name="sun.stdout.encoding" value="cp437"/><property name="java.vm.specification.vendor" value="Oracle Corporation"/><property name="java.specification.name" value="Java Platform API Specification"/><property name="user.script" value=""/><property name="sun.management.compiler" value="HotSpot 64-Bit Tiered Compilers"/><property name="java.runtime.version" value="14.0.1+7"/><property name="user.name" value="natha"/><property name="log4j.ignoreTCL" value="true"/><property name="file.encoding" value="UTF-8"/><property name="jnidispatch.path" value="C:\Users\natha\AppData\Local\Temp\jna-104591834\jna13420373814699163525.dll"/><property name="jna.loaded" value="true"/><property name="java.io.tmpdir" value="C:\Users\natha\AppData\Local\Temp\"/><property name="java.version" value="14.0.1"/><property name="java.vm.specification.name" value="Java Virtual Machine Specification"/><property name="sun.os.patch.level" value=""/><property name="java.library.path" value="C:\Program Files\Java\jdk-14.0.1\bin;C:\Windows\Sun\Java\bin;C:\Windows\system32;C:\Windows;C:\Windows\System32\WindowsPowerShell\v1.0;C:\Program Files (x86)\sbt\bin;C:\Program Files\Java\jdk-14.0.1\bin;C:\Users\natha\AppData\Local\Programs\Python\Python36-32\Scripts\;C:\Users\natha\AppData\Local\Programs\Python\Python36-32\;C:\Users\natha\AppData\Local\Programs\Python\Python36\Scripts\;C:\Users\natha\AppData\Local\Programs\Python\Python36\;C:\Users\natha\AppData\Local\Programs\Python\Python38-32\Scripts\;C:\Users\natha\AppData\Local\Programs\Python\Python38-32\;C:\Users\natha\AppData\Local\Microsoft\WindowsApps;C:\Users\natha\AppData\Local\Programs\Microsoft VS Code\bin;C:\Users\natha\AppData\Local\atom\bin;C:\Users\natha\AppData\Roaming\npm;C:\Program Files\JetBrains\IntelliJ IDEA 2020.1\bin;;."/><property name="java.vendor" value="Oracle Corporation"/><property name="sun.io.unicode.encoding" value="UnicodeLittle"/><property name="java.class.path" value="C:\Program Files (x86)\sbt\\bin\sbt-launch.jar"/><property name="java.vm.vendor" value="Oracle Corporation"/><property name="user.variant" value=""/><property name="jline.shutdownhook" value="false"/><property name="user.timezone" value="America/Toronto"/><property name="java.vm.specification.version" value="14"/><property name="os.name" value="Windows 10"/><property name="sun.java.launcher" value="SUN_STANDARD"/><property name="user.country" value="CA"/><property name="sun.cpu.endian" value="little"/><property name="user.home" value="C:\Users\natha"/><property name="user.language" value="en"/><property name="swoval.tmpdir" value="C:\Users\natha\.sbt\1.0"/><property name="jline.esc.timeout" value="0"/><property name="path.separator" value=";"/><property name="os.version" value="10.0"/><property name="jna.nosys" value="true"/><property name="java.runtime.name" value="Java(TM) SE Runtime Environment"/><property name="java.vm.name" value="Java HotSpot(TM) 64-Bit Server VM"/><property name="java.vendor.url.bug" value="https://bugreport.java.com/bugreport/"/><property name="user.dir" value="C:\MyShit\Ecole\Erasmus\LINGI2132 - Languages and Translators\labos\Labo3"/><property name="os.arch" value="amd64"/><property name="java.vm.info" value="mixed mode, sharing"/><property name="java.vm.version" value="14.0.1+7"/><property name="java.class.version" value="58.0"/>
    </properties>
                     <testcase classname="ElementaryShapeTest" name="Move rectangle up" time="0.024">
                                                 
                                               </testcase><testcase classname="ElementaryShapeTest" name="Move circle left" time="0.002">
                                                 
                                               </testcase><testcase classname="ElementaryShapeTest" name="Change color of rectangle via keyword" time="0.001">
                                                 
                                               </testcase><testcase classname="ElementaryShapeTest" name="Change color of circle via property" time="0.001">
                                                 
                                               </testcase><testcase classname="ElementaryShapeTest" name="Change radius of circle via property" time="0.001">
                                                 
                                               </testcase><testcase classname="ElementaryShapeTest" name="Change width of rectangle via property" time="0.001">
                                                 
                                               </testcase><testcase classname="ElementaryShapeTest" name="Change height of rectangle via property" time="0.001">
                                                 
                                               </testcase>
                     <system-out><![CDATA[]]></system-out>
                     <system-err><![CDATA[]]></system-err>
                   </testsuite>